Traceback (most recent call last):
  File "/Users/perand/anaconda3/lib/python3.11/site-packages/jupyter_cache/executors/utils.py", line 58, in single_nb_execution
    executenb(
  File "/Users/perand/anaconda3/lib/python3.11/site-packages/nbclient/client.py", line 1305, in execute
    return NotebookClient(nb=nb, resources=resources, km=km, **kwargs).execute()
           ^^^^^^^^^^^^^^^^^^^^^^^^^^^^^^^^^^^^^^^^^^^^^^^^^^^^^^^^^^^^^^^^^^^^^
  File "/Users/perand/anaconda3/lib/python3.11/site-packages/jupyter_core/utils/__init__.py", line 173, in wrapped
    return loop.run_until_complete(inner)
           ^^^^^^^^^^^^^^^^^^^^^^^^^^^^^^
  File "/Users/perand/anaconda3/lib/python3.11/asyncio/base_events.py", line 653, in run_until_complete
    return future.result()
           ^^^^^^^^^^^^^^^
  File "/Users/perand/anaconda3/lib/python3.11/site-packages/nbclient/client.py", line 705, in async_execute
    await self.async_execute_cell(
  File "/Users/perand/anaconda3/lib/python3.11/site-packages/nbclient/client.py", line 1058, in async_execute_cell
    await self._check_raise_for_error(cell, cell_index, exec_reply)
  File "/Users/perand/anaconda3/lib/python3.11/site-packages/nbclient/client.py", line 914, in _check_raise_for_error
    raise CellExecutionError.from_cell_and_msg(cell, exec_reply_content)
nbclient.exceptions.CellExecutionError: An error occurred while executing the following cell:
------------------
α = 0.9
T = 200
x = np.empty(T+1)
x[0] = 0

for t in range(T):
    abs_x = - x[t] if x[t] < 0 else x[t]
    x[t+1] = α * abs_x + np.random.randn()

plt.plot(x)
plt.show()
------------------


[0;31m---------------------------------------------------------------------------[0m
[0;31mNameError[0m                                 Traceback (most recent call last)
Cell [0;32mIn[1], line 3[0m
[1;32m      1[0m α [38;5;241m=[39m [38;5;241m0.9[39m
[1;32m      2[0m T [38;5;241m=[39m [38;5;241m200[39m
[0;32m----> 3[0m x [38;5;241m=[39m np[38;5;241m.[39mempty(T[38;5;241m+[39m[38;5;241m1[39m)
[1;32m      4[0m x[[38;5;241m0[39m] [38;5;241m=[39m [38;5;241m0[39m
[1;32m      6[0m [38;5;28;01mfor[39;00m t [38;5;129;01min[39;00m [38;5;28mrange[39m(T):

[0;31mNameError[0m: name 'np' is not defined

